<?xml version="1.0" encoding="UTF-8"?>
<!-- Generated by org.testng.reporters.JUnitReportReporter -->
<testsuite hostname="Ivans-MacBook-Pro.local" failures="0" tests="1" name="tests.ScenarioOne" time="8.103" errors="0" timestamp="2021-12-18T00:45:30 CET" skipped="0">
  <testcase classname="tests.ScenarioOne" name="VerifyItemsToCheckout" time="8.103"/>
  <system-out/>
</testsuite> <!-- tests.ScenarioOne -->
